2025-06-19T20:19:38.610Z - whatsapp: 254702374989: Test message
2025-06-19T20:22:10.597Z - whatsapp: 254702374989: Test message
2025-06-19T20:26:40.382Z - whatsapp: 254702374989: Hello ICP bot
2025-06-19T20:33:28.887Z - whatsapp: 254702374989: Test
2025-06-19T20:53:39.290Z - whatsapp: 254702374989: Test
2025-06-19T21:10:29.583Z - whatsapp:+254702374989: yeah
2025-06-19T21:10:50.620Z - whatsapp:+254702374989: how can you help me
2025-06-19T21:26:23.602Z - whatsapp:+254702374989: Hi ICP bot
2025-06-19T21:50:12.257Z - whatsapp:+254702374989: Hi ICP bot
2025-06-19T21:50:42.410Z - whatsapp:+254702374989: Hello how can you help me today?
2025-06-19T21:56:02.778Z - whatsapp:+254702374989: Hi ICP bot
2025-06-19T21:58:48.836Z - whatsapp:+254702374989: Hi ICP bot
2025-06-20T07:57:54.169Z - whatsapp:+254702374989: Hi ICP bot
2025-06-20T08:02:14.967Z - whatsapp:+254702374989: Hi ICP bot
2025-06-20T08:23:56.892Z - whatsapp:+254702374989: Hi ICP bot
2025-06-20T08:33:05.994Z - whatsapp:+254702374989: Hi ICP bot
2025-06-20T08:39:41.896Z - whatsapp:+254702374989: Hey
2025-06-20T21:00:20.275Z - whatsapp:+254702374989: hi
2025-06-20T21:47:47.499Z - whatsapp:+254702374989: hi
2025-06-20T21:48:00.223Z - whatsapp:+254702374989: why
2025-06-20T21:48:50.783Z - whatsapp:+254702374989: Hi ICP bot
2025-06-20T21:49:04.324Z - whatsapp:+254702374989: Hey
2025-06-20T22:09:44.799Z - whatsapp:+254702374989: hi
2025-06-20T22:25:57.635Z - whatsapp:+254702374989: hi
2025-06-20T22:29:03.398Z - whatsapp:+254702374989: Hey
2025-06-21T07:21:42.808Z - whatsapp:+254702374989: Hi ICP bot
2025-06-21T07:52:29.930Z - whatsapp:+254702374989: Hey
2025-06-21T07:53:05.218Z - whatsapp:+254702374989: i want you help with coding
2025-06-21T07:53:36.841Z - whatsapp:+254702374989: can you anaylse something
2025-06-21T07:54:15.223Z - whatsapp:+254702374989: do you know ICP
2025-06-21T07:55:08.261Z - whatsapp:+254702374989: What about internet computer
2025-06-21T07:57:00.074Z - whatsapp:+254702374989: do you know King von?
2025-06-21T07:58:44.612Z - whatsapp:+254702374989: give me his best bars
2025-06-21T07:59:08.266Z - whatsapp:+254702374989: Hey
2025-06-21T08:04:55.926Z - whatsapp:+254702374989: Hey
2025-06-21T08:10:46.202Z - whatsapp:+254702374989: Hey
2025-06-21T08:17:52.959Z - whatsapp:+254702374989: Hey
2025-06-21T08:24:22.258Z - whatsapp:+254702374989: Hi there!
